Found cached dataset boolq (/home/mliu121/.cache/huggingface/datasets/boolq/default/0.1.0/bf0dd57da941c50de94ae3ce3cef7fea48c08f337a4b7aac484e9dddc5aa24e5)
Specified arguments: Namespace(batch_size=64, device='cuda', experiment='overfit', lr=0.0001, model='distilbert-base-uncased', num_epochs=9, small_subset=False)
the value of small_subset:  False
Loading the dataset ...
  0%|          | 0/2 [00:00<?, ?it/s]100%|██████████| 2/2 [00:00<00:00, 761.70it/s]
Some weights of the model checkpoint at distilbert-base-uncased were not used when initializing DistilBertForSequenceClassification: ['vocab_transform.weight', 'vocab_projector.bias', 'vocab_transform.bias', 'vocab_layer_norm.bias', 'vocab_projector.weight', 'vocab_layer_norm.weight']
- This IS expected if you are initializing DistilBertForSequenceClassification from the checkpoint of a model trained on another task or with another architecture (e.g. initializing a BertForSequenceClassification model from a BertForPreTraining model).
- This IS NOT expected if you are initializing DistilBertForSequenceClassification from the checkpoint of a model that you expect to be exactly identical (initializing a BertForSequenceClassification model from a BertForSequenceClassification model).
Some weights of DistilBertForSequenceClassification were not initialized from the model checkpoint at distilbert-base-uncased and are newly initialized: ['classifier.weight', 'classifier.bias', 'pre_classifier.weight', 'pre_classifier.bias']
You should probably TRAIN this model on a down-stream task to be able to use it for predictions and inference.
huggingface/tokenizers: The current process just got forked, after parallelism has already been used. Disabling parallelism to avoid deadlocks...
To disable this warning, you can either:
	- Avoid using `tokenizers` before the fork if possible
	- Explicitly set the environment variable TOKENIZERS_PARALLELISM=(true | false)
Slicing the data...
Size of the loaded dataset:
 - train: 8000
 - dev: 3270
 - test: 1427
Loading the tokenizer...
Loding the data into DS...
 >>>>>>>> Initializing the data loaders ... 
Loading the model ...
Moving model to device ...cuda
 >>>>>>>>  Starting training ... 
 >>>>>>>>  Initializing optimizer
Epoch 1 training:
 ===> Epoch 1
 - Average training metrics: accuracy={'accuracy': 0.63225}
 - Average validation metrics: accuracy={'accuracy': 0.6639143730886851}
 - Average test metrics: accuracy={'accuracy': 0.6643307638402243}
Epoch 2 training:
 ===> Epoch 2
 - Average training metrics: accuracy={'accuracy': 0.71225}
 - Average validation metrics: accuracy={'accuracy': 0.6825688073394496}
 - Average test metrics: accuracy={'accuracy': 0.6853538892782061}
Epoch 3 training:
 ===> Epoch 3
 - Average training metrics: accuracy={'accuracy': 0.81475}
 - Average validation metrics: accuracy={'accuracy': 0.6896024464831805}
 - Average test metrics: accuracy={'accuracy': 0.700770847932726}
Epoch 4 training:
 ===> Epoch 4
 - Average training metrics: accuracy={'accuracy': 0.898625}
 - Average validation metrics: accuracy={'accuracy': 0.6938837920489297}
 - Average test metrics: accuracy={'accuracy': 0.7028731604765242}
Epoch 5 training:
 ===> Epoch 5
 - Average training metrics: accuracy={'accuracy': 0.933125}
 - Average validation metrics: accuracy={'accuracy': 0.6856269113149847}
 - Average test metrics: accuracy={'accuracy': 0.6839523475823406}
Epoch 6 training:
 ===> Epoch 6
 - Average training metrics: accuracy={'accuracy': 0.964375}
 - Average validation metrics: accuracy={'accuracy': 0.7003058103975535}
 - Average test metrics: accuracy={'accuracy': 0.6986685353889278}
Epoch 7 training:
 ===> Epoch 7
 - Average training metrics: accuracy={'accuracy': 0.976375}
 - Average validation metrics: accuracy={'accuracy': 0.6951070336391437}
 - Average test metrics: accuracy={'accuracy': 0.7035739313244569}
Epoch 8 training:
 ===> Epoch 8
 - Average training metrics: accuracy={'accuracy': 0.98275}
 - Average validation metrics: accuracy={'accuracy': 0.6978593272171254}
 - Average test metrics: accuracy={'accuracy': 0.7056762438682551}
Epoch 9 training:
 ===> Epoch 9
 - Average training metrics: accuracy={'accuracy': 0.990375}
 - Average validation metrics: accuracy={'accuracy': 0.7048929663608563}
 - Average test metrics: accuracy={'accuracy': 0.7035739313244569}
torch.cuda.memory_allocated: 0.502843GB
torch.cuda.memory_reserved: 6.277344GB
torch.cuda.max_memory_reserved: 6.277344GB
Mon Mar 13 18:26:46 2023       
+-----------------------------------------------------------------------------+
| NVIDIA-SMI 460.56       Driver Version: 460.56       CUDA Version: 11.2     |
|-------------------------------+----------------------+----------------------+
| GPU  Name        Persistence-M| Bus-Id        Disp.A | Volatile Uncorr. ECC |
| Fan  Temp  Perf  Pwr:Usage/Cap|         Memory-Usage | GPU-Util  Compute M. |
|                               |                      |               MIG M. |
|===============================+======================+======================|
|   0  Graphics Device     On   | 00000000:17:00.0 Off |                   On |
| N/A   59C    P0   284W / 300W |  37795MiB / 81251MiB |     N/A      Default |
|                               |                      |              Enabled |
+-------------------------------+----------------------+----------------------+
|   1  Graphics Device     On   | 00000000:31:00.0 Off |                   On |
| N/A   63C    P0   297W / 300W |  46439MiB / 81251MiB |     N/A      Default |
|                               |                      |              Enabled |
+-------------------------------+----------------------+----------------------+
|   2  Graphics Device     On   | 00000000:B1:00.0 Off |                   On |
| N/A   43C    P0    79W / 300W |  14710MiB / 81251MiB |     N/A      Default |
|                               |                      |              Enabled |
+-------------------------------+----------------------+----------------------+
|   3  Graphics Device     On   | 00000000:CA:00.0 Off |                   On |
| N/A   28C    P0    43W / 300W |     13MiB / 81251MiB |     N/A      Default |
|                               |                      |              Enabled |
+-------------------------------+----------------------+----------------------+

+-----------------------------------------------------------------------------+
| MIG devices:                                                                |
+------------------+----------------------+-----------+-----------------------+
| GPU  GI  CI  MIG |         Memory-Usage |        Vol|         Shared        |
|      ID  ID  Dev |           BAR1-Usage | SM     Unc| CE  ENC  DEC  OFA  JPG|
|                  |                      |        ECC|                       |
|==================+======================+===========+=======================|
|  2    9   0   0  |   7350MiB /  9728MiB | 14      0 |  1   0    0    0    0 |
|                  |      4MiB / 16383MiB |           |                       |
+------------------+----------------------+-----------+-----------------------+
                                                                               
+-----------------------------------------------------------------------------+
| Processes:                                                                  |
|  GPU   GI   CI        PID   Type   Process name                  GPU Memory |
|        ID   ID                                                   Usage      |
|=============================================================================|
|    0   13    0       2203      C   ...jeefzx3kp5jqdu/bin/python     6087MiB |
|    0   14    0       2228      C   ...jeefzx3kp5jqdu/bin/python     5935MiB |
|    0    9    0      49212      C   ...jeefzx3kp5jqdu/bin/python     5119MiB |
|    0    7    0      53447      C   ...jeefzx3kp5jqdu/bin/python     7363MiB |
|    0    8    0      65243      C   ...sification_env/bin/python     6629MiB |
|    0   12    0      65259      C   ...sification_env/bin/python     6629MiB |
|    1   11    0      65230      C   ...sification_env/bin/python     6629MiB |
|    1    7    0      65245      C   ...sification_env/bin/python     6629MiB |
|    1    8    0      65247      C   ...sification_env/bin/python     6629MiB |
|    1   13    0      65249      C   ...sification_env/bin/python     6629MiB |
|    1   12    0      65253      C   ...sification_env/bin/python     6629MiB |
|    1   10    0      65255      C   ...sification_env/bin/python     6629MiB |
|    1    9    0      65257      C   ...sification_env/bin/python     6629MiB |
|    2    9    0        486      C   ...jeefzx3kp5jqdu/bin/python     7345MiB |
+-----------------------------------------------------------------------------+

 - Average DEV metrics: accuracy={'accuracy': 0.7048929663608563}
 - Average TEST metrics: accuracy={'accuracy': 0.7035739313244569}
