Found cached dataset boolq (/home/mliu121/.cache/huggingface/datasets/boolq/default/0.1.0/bf0dd57da941c50de94ae3ce3cef7fea48c08f337a4b7aac484e9dddc5aa24e5)
Specified arguments: Namespace(batch_size=128, device='cuda', experiment='overfit', lr=0.0001, model='distilbert-base-uncased', num_epochs=30, small_subset=False)
the value of small_subset:  False
Loading the dataset ...
  0%|          | 0/2 [00:00<?, ?it/s]100%|██████████| 2/2 [00:00<00:00, 849.39it/s]
Some weights of the model checkpoint at distilbert-base-uncased were not used when initializing DistilBertForSequenceClassification: ['vocab_transform.bias', 'vocab_layer_norm.weight', 'vocab_transform.weight', 'vocab_projector.bias', 'vocab_projector.weight', 'vocab_layer_norm.bias']
- This IS expected if you are initializing DistilBertForSequenceClassification from the checkpoint of a model trained on another task or with another architecture (e.g. initializing a BertForSequenceClassification model from a BertForPreTraining model).
- This IS NOT expected if you are initializing DistilBertForSequenceClassification from the checkpoint of a model that you expect to be exactly identical (initializing a BertForSequenceClassification model from a BertForSequenceClassification model).
Some weights of DistilBertForSequenceClassification were not initialized from the model checkpoint at distilbert-base-uncased and are newly initialized: ['classifier.weight', 'classifier.bias', 'pre_classifier.weight', 'pre_classifier.bias']
You should probably TRAIN this model on a down-stream task to be able to use it for predictions and inference.
Slicing the data...
Size of the loaded dataset:
 - train: 8000
 - dev: 3270
 - test: 1427
Loading the tokenizer...
Loding the data into DS...
 >>>>>>>> Initializing the data loaders ... 
Loading the model ...
Moving model to device ...cuda
 >>>>>>>>  Starting training ... 
 >>>>>>>>  Initializing optimizer
Epoch 1 training:
 ===> Epoch 1
 - Average training metrics: accuracy={'accuracy': 0.598625}
Traceback (most recent call last):
  File "classification.py", line 288, in <module>
    train_acc,val_acc = train(pretrained_model, args.num_epochs, train_dataloader, validation_dataloader, args.device, args.lr, test_dataloader)
  File "classification.py", line 185, in train
    val_accuracy = evaluate_model(mymodel, validation_dataloader, device)
  File "classification.py", line 95, in evaluate_model
    output = model(input_ids=input_ids, attention_mask=attention_mask)
  File "/home/mliu121/.local/lib/python3.8/site-packages/torch/nn/modules/module.py", line 1194, in _call_impl
    return forward_call(*input, **kwargs)
  File "/home/mliu121/.local/lib/python3.8/site-packages/transformers/models/distilbert/modeling_distilbert.py", line 759, in forward
    distilbert_output = self.distilbert(
  File "/home/mliu121/.local/lib/python3.8/site-packages/torch/nn/modules/module.py", line 1194, in _call_impl
    return forward_call(*input, **kwargs)
  File "/home/mliu121/.local/lib/python3.8/site-packages/transformers/models/distilbert/modeling_distilbert.py", line 579, in forward
    return self.transformer(
  File "/home/mliu121/.local/lib/python3.8/site-packages/torch/nn/modules/module.py", line 1194, in _call_impl
    return forward_call(*input, **kwargs)
  File "/home/mliu121/.local/lib/python3.8/site-packages/transformers/models/distilbert/modeling_distilbert.py", line 355, in forward
    layer_outputs = layer_module(
  File "/home/mliu121/.local/lib/python3.8/site-packages/torch/nn/modules/module.py", line 1194, in _call_impl
    return forward_call(*input, **kwargs)
  File "/home/mliu121/.local/lib/python3.8/site-packages/transformers/models/distilbert/modeling_distilbert.py", line 290, in forward
    sa_output = self.attention(
  File "/home/mliu121/.local/lib/python3.8/site-packages/torch/nn/modules/module.py", line 1194, in _call_impl
    return forward_call(*input, **kwargs)
  File "/home/mliu121/.local/lib/python3.8/site-packages/transformers/models/distilbert/modeling_distilbert.py", line 229, in forward
    context = unshape(context)  # (bs, q_length, dim)
  File "/home/mliu121/.local/lib/python3.8/site-packages/transformers/models/distilbert/modeling_distilbert.py", line 208, in unshape
    return x.transpose(1, 2).contiguous().view(bs, -1, self.n_heads * dim_per_head)
torch.cuda.OutOfMemoryError: CUDA out of memory. Tried to allocate 48.00 MiB (GPU 0; 9.50 GiB total capacity; 8.46 GiB already allocated; 37.75 MiB free; 8.56 GiB reserved in total by PyTorch) If reserved memory is >> allocated memory try setting max_split_size_mb to avoid fragmentation.  See documentation for Memory Management and PYTORCH_CUDA_ALLOC_CONF
srun: error: icgpu02: task 0: Exited with exit code 1
